<?xml version="1.0" encoding="UTF-8"?>
<testng-results skipped="0" failed="0" ignored="0" total="2" passed="2">
  <reporter-output>
  </reporter-output>
  <suite name="Default suite" duration-ms="199" started-at="2022-07-18T17:04:22 IST" finished-at="2022-07-18T17:04:22 IST">
    <groups>
      <group name="cucumber">
        <method signature="AbstractTestNGCucumberTests.runScenario(io.cucumber.testng.PickleWrapper,io.cucumber.testng.FeatureWrapper)[pri:0, instance:runners.CucumberTestNgRunner@7a9273a8]" name="runScenario" class="io.cucumber.testng.AbstractTestNGCucumberTests"/>
      </group> <!-- cucumber -->
    </groups>
    <test name="Default test" duration-ms="199" started-at="2022-07-18T17:04:22 IST" finished-at="2022-07-18T17:04:22 IST">
      <class name="runners.CucumberTestNgRunner">
        <test-method status="PASS" signature="setUpClass(org.testng.ITestContext)[pri:0, instance:runners.CucumberTestNgRunner@7a9273a8]" name="setUpClass" is-config="true" duration-ms="111" started-at="2022-07-18T17:04:22 IST" finished-at="2022-07-18T17:04:22 IST">
          <params>
            <param index="0">
              <value>
                <![CDATA[org.testng.TestRunner@6392827e]]>
              </value>
            </param>
          </params>
          <reporter-output>
          </reporter-output>
        </test-method> <!-- setUpClass -->
        <test-method status="PASS" signature="runScenario(io.cucumber.testng.PickleWrapper,io.cucumber.testng.FeatureWrapper)[pri:0, instance:runners.CucumberTestNgRunner@7a9273a8]" name="runScenario" duration-ms="38" started-at="2022-07-18T17:04:22 IST" description="Runs Cucumber Scenarios" data-provider="scenarios" finished-at="2022-07-18T17:04:22 IST">
          <params>
            <param index="0">
              <value>
                <![CDATA["Scenario one of feature one"]]>
              </value>
            </param>
            <param index="1">
              <value>
                <![CDATA["Optional[Testing feature One]"]]>
              </value>
            </param>
          </params>
          <reporter-output>
          </reporter-output>
        </test-method> <!-- runScenario -->
        <test-method status="PASS" signature="runScenario(io.cucumber.testng.PickleWrapper,io.cucumber.testng.FeatureWrapper)[pri:0, instance:runners.CucumberTestNgRunner@7a9273a8]" name="runScenario" duration-ms="4" started-at="2022-07-18T17:04:22 IST" description="Runs Cucumber Scenarios" data-provider="scenarios" finished-at="2022-07-18T17:04:22 IST">
          <params>
            <param index="0">
              <value>
                <![CDATA["Scenario two of feature one"]]>
              </value>
            </param>
            <param index="1">
              <value>
                <![CDATA["Optional[Testing feature One]"]]>
              </value>
            </param>
          </params>
          <reporter-output>
          </reporter-output>
        </test-method> <!-- runScenario -->
        <test-method status="PASS" signature="tearDownClass()[pri:0, instance:runners.CucumberTestNgRunner@7a9273a8]" name="tearDownClass" is-config="true" duration-ms="25" started-at="2022-07-18T17:04:22 IST" finished-at="2022-07-18T17:04:22 IST">
          <reporter-output>
          </reporter-output>
        </test-method> <!-- tearDownClass -->
      </class> <!-- runners.CucumberTestNgRunner -->
    </test> <!-- Default test -->
  </suite> <!-- Default suite -->
</testng-results>
